ppp/build/outputs/logs/manifest-merger-anbeishichang-debug-report.txt
-- Merging decision tree log ---
manifest
ADDED from src\main\AndroidManifest.xml:2:1-729:12
	package
		ADDED from src\main\AndroidManifest.xml:4:5-28
		INJECTED from src\main\AndroidManifest.xml
		INJECTED from src\main\AndroidManifest.xml
	android:versionName
		ADDED from src\main\AndroidManifest.xml:6:5-32
		INJECTED from src\main\AndroidManifest.xml
		INJECTED from src\main\AndroidManifest.xml
	xmlns:tools
		ADDED from src\main\AndroidManifest.xml:3:5-51
	android:versionCode
		ADDED from src\main\AndroidManifest.xml:5:5-30
		INJECTED from src\main\AndroidManifest.xml
		INJECTED from src\main\AndroidManifest.xml
	xmlns:android
		ADDED from src\main\AndroidManifest.xml:2:11-69
uses-sdk
ADDED from src\main\AndroidManifest.xml:8:5-10:41
MERGED from [ppp_ad:imageLoaderLibrary:unspecified] AndroidManifest.xml:7:5-9:41
MERGED from [ppp_ad:library:unspecified] AndroidManifest.xml:7:5-9:41
MERGED from [ppp_ad:ylfcfwidgetlibrary:unspecified] AndroidManifest.xml:7:5-9:41
MERGED from [com.android.support:recyclerview-v7:25.0.1] AndroidManifest.xml:20:5-43
MERGED from [com.android.support:cardview-v7:25.1.1] AndroidManifest.xml:20:5-43
MERGED from [com.android.support:appcompat-v7:23.4.0] AndroidManifest.xml:21:5-23:78
MERGED from [com.android.support:animated-vector-drawable:23.4.0] AndroidManifest.xml:5:5-44
MERGED from [com.android.support:support-vector-drawable:23.4.0] AndroidManifest.xml:5:5-43
MERGED from [com.android.support:support-v4:25.0.1] AndroidManifest.xml:21:5-23:54
MERGED from [com.android.support:support-fragment:25.0.1] AndroidManifest.xml:21:5-23:60
MERGED from [com.android.support:support-media-compat:25.0.1] AndroidManifest.xml:21:5-23:63
MERGED from [com.android.support:support-core-ui:25.0.1] AndroidManifest.xml:21:5-23:58
MERGED from [com.android.support:support-core-utils:25.0.1] AndroidManifest.xml:21:5-23:61
MERGED from [com.android.support:support-compat:25.0.1] AndroidManifest.xml:21:5-23:58
MERGED from [com.youth.banner:banner:1.4.9] AndroidManifest.xml:7:5-9:41
MERGED from [com.github.Cutta:GifView:1.1] AndroidManifest.xml:7:5-9:41
	tools:overrideLibrary
		ADDED from [com.android.support:appcompat-v7:23.4.0] AndroidManifest.xml:23:9-75
	android:targetSdkVersion
		ADDED from src\main\AndroidManifest.xml:10:9-38
		INJECTED from src\main\AndroidManifest.xml
		INJECTED from src\main\AndroidManifest.xml
	android:minSdkVersion
		ADDED from src\main\AndroidManifest.xml:9:9-34
		INJECTED from src\main\AndroidManifest.xml
		INJECTED from src\main\AndroidManifest.xml
supports-screens
ADDED from src\main\AndroidManifest.xml:12:5-17:39
	android:largeScreens
		ADDED from src\main\AndroidManifest.xml:14:9-36
	android:smallScreens
		ADDED from src\main\AndroidManifest.xml:17:9-36
	android:normalScreens
		ADDED from src\main\AndroidManifest.xml:15:9-37
	android:resizeable
		ADDED from src\main\AndroidManifest.xml:16:9-34
	android:anyDensity
		ADDED from src\main\AndroidManifest.xml:13:9-34
uses-permission#android.permission.WRITE_EXTERNAL_STORAGE
ADDED from src\main\AndroidManifest.xml:20:5-81
	android:name
		ADDED from src\main\AndroidManifest.xml:20:22-78
uses-permission#android.permission.READ_EXTERNAL_STORAGE
ADDED from src\main\AndroidManifest.xml:21:5-80
	android:name
		ADDED from src\main\AndroidManifest.xml:21:22-77
uses-permission#android.permission.DOWNLOAD_WITHOUT_NOTIFICATION
ADDED from src\main\AndroidManifest.xml:22:5-88
	android:name
		ADDED from src\main\AndroidManifest.xml:22:22-85
uses-permission#android.permission.ACCESS_NETWORK_STATE
ADDED from src\main\AndroidManifest.xml:24:5-79
	android:name
		ADDED from src\main\AndroidManifest.xml:24:22-76
uses-permission#android.permission.ACCESS_WIFI_STATE
ADDED from src\main\AndroidManifest.xml:26:5-76
	android:name
		ADDED from src\main\AndroidManifest.xml:26:22-73
uses-permission#android.permission.INTERNET
ADDED from src\main\AndroidManifest.xml:27:5-67
	android:name
		ADDED from src\main\AndroidManifest.xml:27:22-64
uses-permission#android.permission.CHANGE_NETWORK_STATE
ADDED from src\main\AndroidManifest.xml:29:5-79
	android:name
		ADDED from src\main\AndroidManifest.xml:29:22-76
uses-permission#android.permission.CHANGE_WIFI_STATE
ADDED from src\main\AndroidManifest.xml:30:5-76
	android:name
		ADDED from src\main\AndroidManifest.xml:30:22-73
uses-permission#android.permission.READ_PHONE_STATE
ADDED from src\main\AndroidManifest.xml:31:5-75
	android:name
		ADDED from src\main\AndroidManifest.xml:31:22-72
uses-permission#android.permission.WAKE_LOCK
ADDED from src\main\AndroidManifest.xml:32:5-68
	android:name
		ADDED from src\main\AndroidManifest.xml:32:22-65
uses-permission#android.permission.VIBRATE
ADDED from src\main\AndroidManifest.xml:33:5-66
	android:name
		ADDED from src\main\AndroidManifest.xml:33:22-63
uses-permission#android.permission.WRITE_SETTINGS
ADDED from src\main\AndroidManifest.xml:34:5-73
	android:name
		ADDED from src\main\AndroidManifest.xml:34:22-70
uses-permission#android.permission.RECEIVE_BOOT_COMPLETED
ADDED from src\main\AndroidManifest.xml:35:5-81
	android:name
		ADDED from src\main\AndroidManifest.xml:35:22-78
uses-permission#android.permission.READ_LOGS
ADDED from src\main\AndroidManifest.xml:36:5-68
	android:name
		ADDED from src\main\AndroidManifest.xml:36:22-65
uses-permission#android.permission.CALL_PHONE
ADDED from src\main\AndroidManifest.xml:37:5-69
	android:name
		ADDED from src\main\AndroidManifest.xml:37:22-66
uses-permission#android.permission.ACCESS_FINE_LOCATION
ADDED from src\main\AndroidManifest.xml:38:5-79
	android:name
		ADDED from src\main\AndroidManifest.xml:38:22-76
uses-permission#android.permission.ACCESS_COARSE_LOCATION
ADDED from src\main\AndroidManifest.xml:39:5-81
	android:name
		ADDED from src\main\AndroidManifest.xml:39:22-78
uses-permission#android.permission.SET_DEBUG_APP
ADDED from src\main\AndroidManifest.xml:40:5-72
	android:name
		ADDED from src\main\AndroidManifest.xml:40:22-69
uses-permission#android.permission.SYSTEM_ALERT_WINDOW
ADDED from src\main\AndroidManifest.xml:41:5-78
	android:name
		ADDED from src\main\AndroidManifest.xml:41:22-75
uses-permission#android.permission.USE_CREDENTIALS
ADDED from src\main\AndroidManifest.xml:42:5-74
	android:name
		ADDED from src\main\AndroidManifest.xml:42:22-71
uses-permission#android.permission.MANAGE_ACCOUNTS
ADDED from src\main\AndroidManifest.xml:43:5-74
	android:name
		ADDED from src\main\AndroidManifest.xml:43:22-71
uses-permission#android.permission.GET_TASKS
ADDED from src\main\AndroidManifest.xml:46:5-68
	android:name
		ADDED from src\main\AndroidManifest.xml:46:22-65
permission#com.ylfcf.ppp.permission.JPUSH_MESSAGE
ADDED from src\main\AndroidManifest.xml:50:5-52:47
	android:protectionLevel
		ADDED from src\main\AndroidManifest.xml:52:9-44
	android:name
		ADDED from src\main\AndroidManifest.xml:51:9-62
uses-permission#com.ylfcf.ppp.permission.JPUSH_MESSAGE
ADDED from src\main\AndroidManifest.xml:54:5-78
	android:name
		ADDED from src\main\AndroidManifest.xml:54:22-75
uses-permission#android.permission.RECEIVE_USER_PRESENT
ADDED from src\main\AndroidManifest.xml:55:5-79
	android:name
		ADDED from src\main\AndroidManifest.xml:55:22-76
uses-permission#android.permission.MOUNT_UNMOUNT_FILESYSTEMS
ADDED from src\main\AndroidManifest.xml:56:5-84
	android:name
		ADDED from src\main\AndroidManifest.xml:56:22-81
uses-permission#android.permission.ACCESS_LOCATION_EXTRA_COMMANDS
ADDED from src\main\AndroidManifest.xml:57:5-89
	android:name
		ADDED from src\main\AndroidManifest.xml:57:22-86
uses-permission#android.permission.BROADCAST_PACKAGE_ADDED
ADDED from src\main\AndroidManifest.xml:60:5-82
	android:name
		ADDED from src\main\AndroidManifest.xml:60:22-79
uses-permission#android.permission.BROADCAST_PACKAGE_CHANGED
ADDED from src\main\AndroidManifest.xml:61:5-84
	android:name
		ADDED from src\main\AndroidManifest.xml:61:22-81
uses-permission#android.permission.BROADCAST_PACKAGE_INSTALL
ADDED from src\main\AndroidManifest.xml:62:5-84
	android:name
		ADDED from src\main\AndroidManifest.xml:62:22-81
uses-permission#android.permission.BROADCAST_PACKAGE_REPLACED
ADDED from src\main\AndroidManifest.xml:63:5-85
	android:name
		ADDED from src\main\AndroidManifest.xml:63:22-82
uses-permission#android.permission.RESTART_PACKAGES
ADDED from src\main\AndroidManifest.xml:64:5-75
	android:name
		ADDED from src\main\AndroidManifest.xml:64:22-72
uses-permission#android.permission.GET_ACCOUNTS
ADDED from src\main\AndroidManifest.xml:65:5-71
	android:name
		ADDED from src\main\AndroidManifest.xml:65:22-68
application
ADDED from src\main\AndroidManifest.xml:67:5-727:19
MERGED from [ppp_ad:library:unspecified] AndroidManifest.xml:11:5-20
MERGED from [ppp_ad:ylfcfwidgetlibrary:unspecified] AndroidManifest.xml:11:5-15:19
MERGED from [com.android.support:cardview-v7:25.1.1] AndroidManifest.xml:22:5-20
MERGED from [com.android.support:appcompat-v7:23.4.0] AndroidManifest.xml:25:5-20
MERGED from [com.android.support:animated-vector-drawable:23.4.0] AndroidManifest.xml:7:5-20
MERGED from [com.android.support:support-vector-drawable:23.4.0] AndroidManifest.xml:7:5-20
MERGED from [com.android.support:support-v4:25.0.1] AndroidManifest.xml:25:5-20
MERGED from [com.android.support:support-fragment:25.0.1] AndroidManifest.xml:25:5-20
MERGED from [com.android.support:support-media-compat:25.0.1] AndroidManifest.xml:25:5-20
MERGED from [com.android.support:support-core-ui:25.0.1] AndroidManifest.xml:25:5-20
MERGED from [com.android.support:support-core-utils:25.0.1] AndroidManifest.xml:25:5-20
MERGED from [com.android.support:support-compat:25.0.1] AndroidManifest.xml:25:5-20
MERGED from [com.github.Cutta:GifView:1.1] AndroidManifest.xml:11:5-15:19
	android:label
		ADDED from src\main\AndroidManifest.xml:72:9-41
	android:supportsRtl
		ADDED from src\main\AndroidManifest.xml:73:9-35
	android:allowBackup
		ADDED from src\main\AndroidManifest.xml:70:9-35
	android:icon
		ADDED from src\main\AndroidManifest.xml:71:9-45
	android:largeHeap
		ADDED from src\main\AndroidManifest.xml:74:9-33
	android:theme
		ADDED from src\main\AndroidManifest.xml:75:9-40
	tools:replace
		ADDED from src\main\AndroidManifest.xml:68:9-52
	android:name
		ADDED from src\main\AndroidManifest.xml:69:9-42
activity#com.ylfcf.ppp.ui.IntroductionActivity
ADDED from src\main\AndroidManifest.xml:76:9-85:20
	android:screenOrientation
		ADDED from src\main\AndroidManifest.xml:79:13-49
	android:label
		ADDED from src\main\AndroidManifest.xml:78:13-45
	android:theme
		ADDED from src\main\AndroidManifest.xml:80:13-58
	android:name
		ADDED from src\main\AndroidManifest.xml:77:13-52
intent-filter#android.intent.action.MAIN+android.intent.category.LAUNCHER
ADDED from src\main\AndroidManifest.xml:81:13-84:29
action#android.intent.action.MAIN
ADDED from src\main\AndroidManifest.xml:82:17-69
	android:name
		ADDED from src\main\AndroidManifest.xml:82:25-66
category#android.intent.category.LAUNCHER
ADDED from src\main\AndroidManifest.xml:83:17-77
	android:name
		ADDED from src\main\AndroidManifest.xml:83:27-74
activity#com.ylfcf.ppp.ui.MainFragmentActivity
ADDED from src\main\AndroidManifest.xml:94:9-99:73
	android:screenOrientation
		ADDED from src\main\AndroidManifest.xml:97:13-49
	android:launchMode
		ADDED from src\main\AndroidManifest.xml:96:13-44
	android:windowSoftInputMode
		ADDED from src\main\AndroidManifest.xml:99:13-70
	android:theme
		ADDED from src\main\AndroidManifest.xml:98:13-54
	android:name
		ADDED from src\main\AndroidManifest.xml:95:13-52
activity#com.ylfcf.ppp.ui.BorrowDetailZXDActivity
ADDED from src\main\AndroidManifest.xml:100:9-103:56
	android:screenOrientation
		ADDED from src\main\AndroidManifest.xml:102:13-49
	android:theme
		ADDED from src\main\AndroidManifest.xml:103:13-53
	android:name
		ADDED from src\main\AndroidManifest.xml:101:13-55
activity#com.ylfcf.ppp.ui.BorrowDetailYXBActivity
ADDED from src\main\AndroidManifest.xml:104:9-107:56
	android:screenOrientation
		ADDED from src\main\AndroidManifest.xml:106:13-49
	android:theme
		ADDED from src\main\AndroidManifest.xml:107:13-53
	android:name
		ADDED from src\main\AndroidManifest.xml:105:13-55
activity#com.ylfcf.ppp.ui.LoginActivity
ADDED from src\main\AndroidManifest.xml:108:9-111:56
	android:screenOrientation
		ADDED from src\main\AndroidManifest.xml:110:13-49
	android:theme
		ADDED from src\main\AndroidManifest.xml:111:13-53
	android:name
		ADDED from src\main\AndroidManifest.xml:109:13-45
activity#com.ylfcf.ppp.ui.BidZXDActivity
ADDED from src\main\AndroidManifest.xml:112:9-115:56
	android:screenOrientation
		ADDED from src\main\AndroidManifest.xml:114:13-49
	android:theme
		ADDED from src\main\AndroidManifest.xml:115:13-53
	android:name
		ADDED from src\main\AndroidManifest.xml:113:13-46
activity#com.ylfcf.ppp.ui.BidYXBActivity
ADDED from src\main\AndroidManifest.xml:116:9-119:56
	android:screenOrientation
		ADDED from src\main\AndroidManifest.xml:118:13-49
	android:theme
		ADDED from src\main\AndroidManifest.xml:119:13-53
	android:name
		ADDED from src\main\AndroidManifest.xml:117:13-46
activity#com.ylfcf.ppp.ui.RegisteActivity
ADDED from src\main\AndroidManifest.xml:120:9-123:56
	android:screenOrientation
		ADDED from src\main\AndroidManifest.xml:122:13-49
	android:theme
		ADDED from src\main\AndroidManifest.xml:123:13-53
	android:name
		ADDED from src\main\AndroidManifest.xml:121:13-47
activity#com.ylfcf.ppp.ui.ForgetPwdActivity
ADDED from src\main\AndroidManifest.xml:124:9-127:56
	android:screenOrientation
		ADDED from src\main\AndroidManifest.xml:126:13-49
	android:theme
		ADDED from src\main\AndroidManifest.xml:127:13-53
	android:name
		ADDED from src\main\AndroidManifest.xml:125:13-49
activity#com.ylfcf.ppp.ui.GestureEditActivity
ADDED from src\main\AndroidManifest.xml:128:9-131:56
	android:screenOrientation
		ADDED from src\main\AndroidManifest.xml:130:13-49
	android:theme
		ADDED from src\main\AndroidManifest.xml:131:13-53
	android:name
		ADDED from src\main\AndroidManifest.xml:129:13-51
activity#com.ylfcf.ppp.ui.GestureVerifyActivity
ADDED from src\main\AndroidManifest.xml:132:9-135:56
	android:screenOrientation
		ADDED from src\main\AndroidManifest.xml:134:13-49
	android:theme
		ADDED from src\main\AndroidManifest.xml:135:13-53
	android:name
		ADDED from src\main\AndroidManifest.xml:133:13-53
activity#com.ylfcf.ppp.ui.RechargeActivity
ADDED from src\main\AndroidManifest.xml:136:9-139:56
	android:screenOrientation
		ADDED from src\main\AndroidManifest.xml:138:13-49
	android:theme
		ADDED from src\main\AndroidManifest.xml:139:13-53
	android:name
		ADDED from src\main\AndroidManifest.xml:137:13-48
activity#com.ylfcf.ppp.ui.WithdrawActivity
ADDED from src\main\AndroidManifest.xml:140:9-144:57
	android:screenOrientation
		ADDED from src\main\AndroidManifest.xml:142:13-49
	android:windowSoftInputMode
		ADDED from src\main\AndroidManifest.xml:144:13-54
	android:theme
		ADDED from src\main\AndroidManifest.xml:143:13-53
	android:name
		ADDED from src\main\AndroidManifest.xml:141:13-48
activity#com.ylfcf.ppp.ui.ProductInfoActivity
ADDED from src\main\AndroidManifest.xml:145:9-148:56
	android:screenOrientation
		ADDED from src\main\AndroidManifest.xml:147:13-49
	android:theme
		ADDED from src\main\AndroidManifest.xml:148:13-53
	android:name
		ADDED from src\main\AndroidManifest.xml:146:13-51
activity#com.ylfcf.ppp.ui.ProductDataActivity
ADDED from src\main\AndroidManifest.xml:149:9-152:56
	android:screenOrientation
		ADDED from src\main\AndroidManifest.xml:151:13-49
	android:theme
		ADDED from src\main\AndroidManifest.xml:152:13-53
	android:name
		ADDED from src\main\AndroidManifest.xml:150:13-51
activity#com.ylfcf.ppp.ui.ProductSafetyActivity
ADDED from src\main\AndroidManifest.xml:153:9-156:56
	android:screenOrientation
		ADDED from src\main\AndroidManifest.xml:155:13-49
	android:theme
		ADDED from src\main\AndroidManifest.xml:156:13-53
	android:name
		ADDED from src\main\AndroidManifest.xml:154:13-53
activity#com.ylfcf.ppp.ui.UserVerifyActivity
ADDED from src\main\AndroidManifest.xml:157:9-160:56
	android:screenOrientation
		ADDED from src\main\AndroidManifest.xml:159:13-49
	android:theme
		ADDED from src\main\AndroidManifest.xml:160:13-53
	android:name
		ADDED from src\main\AndroidManifest.xml:158:13-50
activity#com.ylfcf.ppp.ui.ModifyLoginPwdActivity
ADDED from src\main\AndroidManifest.xml:161:9-164:56
	android:screenOrientation
		ADDED from src\main\AndroidManifest.xml:163:13-49
	android:theme
		ADDED from src\main\AndroidManifest.xml:164:13-53
	android:name
		ADDED from src\main\AndroidManifest.xml:162:13-54
activity#com.ylfcf.ppp.ui.FeedbackActivity
ADDED from src\main\AndroidManifest.xml:165:9-168:56
	android:screenOrientation
		ADDED from src\main\AndroidManifest.xml:167:13-49
	android:theme
		ADDED from src\main\AndroidManifest.xml:168:13-53
	android:name
		ADDED from src\main\AndroidManifest.xml:166:13-48
activity#com.ylfcf.ppp.ui.RechargeResultActivity
ADDED from src\main\AndroidManifest.xml:169:9-172:56
	android:screenOrientation
		ADDED from src\main\AndroidManifest.xml:171:13-49
	android:theme
		ADDED from src\main\AndroidManifest.xml:172:13-53
	android:name
		ADDED from src\main\AndroidManifest.xml:170:13-54
activity#com.ylfcf.ppp.ui.BidSuccessActivity
ADDED from src\main\AndroidManifest.xml:173:9-176:56
	android:screenOrientation
		ADDED from src\main\AndroidManifest.xml:175:13-49
	android:theme
		ADDED from src\main\AndroidManifest.xml:176:13-53
	android:name
		ADDED from src\main\AndroidManifest.xml:174:13-50
activity#com.ylfcf.ppp.ui.WithdrawListActivity
ADDED from src\main\AndroidManifest.xml:177:9-180:56
	android:screenOrientation
		ADDED from src\main\AndroidManifest.xml:179:13-49
	android:theme
		ADDED from src\main\AndroidManifest.xml:180:13-53
	android:name
		ADDED from src\main\AndroidManifest.xml:178:13-52
activity#com.ylfcf.ppp.ui.BindCardActivity
ADDED from src\main\AndroidManifest.xml:181:9-184:56
	android:screenOrientation
		ADDED from src\main\AndroidManifest.xml:183:13-49
	android:theme
		ADDED from src\main\AndroidManifest.xml:184:13-53
	android:name
		ADDED from src\main\AndroidManifest.xml:182:13-48
activity#com.ylfcf.ppp.ui.BrandIntroActivity
ADDED from src\main\AndroidManifest.xml:185:9-188:56
	android:screenOrientation
		ADDED from src\main\AndroidManifest.xml:187:13-49
	android:theme
		ADDED from src\main\AndroidManifest.xml:188:13-53
	android:name
		ADDED from src\main\AndroidManifest.xml:186:13-50
activity#com.ylfcf.ppp.ui.AccountSettingActivity
ADDED from src\main\AndroidManifest.xml:189:9-192:56
	android:screenOrientation
		ADDED from src\main\AndroidManifest.xml:191:13-49
	android:theme
		ADDED from src\main\AndroidManifest.xml:192:13-53
	android:name
		ADDED from src\main\AndroidManifest.xml:190:13-54
activity#com.ylfcf.ppp.ui.FundsDetailsActivity
ADDED from src\main\AndroidManifest.xml:193:9-196:56
	android:screenOrientation
		ADDED from src\main\AndroidManifest.xml:195:13-49
	android:theme
		ADDED from src\main\AndroidManifest.xml:196:13-53
	android:name
		ADDED from src\main\AndroidManifest.xml:194:13-52
activity#com.ylfcf.ppp.ui.GestureSettingActivity
ADDED from src\main\AndroidManifest.xml:197:9-200:56
	android:screenOrientation
		ADDED from src\main\AndroidManifest.xml:199:13-49
	android:theme
		ADDED from src\main\AndroidManifest.xml:200:13-53
	android:name
		ADDED from src\main\AndroidManifest.xml:198:13-54
activity#com.ylfcf.ppp.ui.WithdrawPwdOptionActivity
ADDED from src\main\AndroidManifest.xml:201:9-204:56
	android:screenOrientation
		ADDED from src\main\AndroidManifest.xml:203:13-49
	android:theme
		ADDED from src\main\AndroidManifest.xml:204:13-53
	android:name
		ADDED from src\main\AndroidManifest.xml:202:13-57
activity#com.ylfcf.ppp.ui.WithdrawPwdModifyActivity
ADDED from src\main\AndroidManifest.xml:205:9-208:56
	android:screenOrientation
		ADDED from src\main\AndroidManifest.xml:207:13-49
	android:theme
		ADDED from src\main\AndroidManifest.xml:208:13-53
	android:name
		ADDED from src\main\AndroidManifest.xml:206:13-57
activity#com.ylfcf.ppp.ui.WithdrawPwdGetbackActivity
ADDED from src\main\AndroidManifest.xml:209:9-212:56
	android:screenOrientation
		ADDED from src\main\AndroidManifest.xml:211:13-49
	android:theme
		ADDED from src\main\AndroidManifest.xml:212:13-53
	android:name
		ADDED from src\main\AndroidManifest.xml:210:13-58
activity#com.ylfcf.ppp.ui.WithdrawSuccessActivity
ADDED from src\main\AndroidManifest.xml:213:9-216:56
	android:screenOrientation
		ADDED from src\main\AndroidManifest.xml:215:13-49
	android:theme
		ADDED from src\main\AndroidManifest.xml:216:13-53
	android:name
		ADDED from src\main\AndroidManifest.xml:214:13-55
activity#com.ylfcf.ppp.ui.AwardDetailsActivity
ADDED from src\main\AndroidManifest.xml:217:9-220:56
	android:screenOrientation
		ADDED from src\main\AndroidManifest.xml:219:13-49
	android:theme
		ADDED from src\main\AndroidManifest.xml:220:13-53
	android:name
		ADDED from src\main\AndroidManifest.xml:218:13-52
activity#com.ylfcf.ppp.ui.MyGiftsActivity
ADDED from src\main\AndroidManifest.xml:221:9-224:56
	android:screenOrientation
		ADDED from src\main\AndroidManifest.xml:223:13-49
	android:theme
		ADDED from src\main\AndroidManifest.xml:224:13-53
	android:name
		ADDED from src\main\AndroidManifest.xml:222:13-47
activity#com.ylfcf.ppp.ui.MyYuanMoneyActivity
ADDED from src\main\AndroidManifest.xml:225:9-228:56
	android:screenOrientation
		ADDED from src\main\AndroidManifest.xml:227:13-49
	android:theme
		ADDED from src\main\AndroidManifest.xml:228:13-53
	android:name
		ADDED from src\main\AndroidManifest.xml:226:13-51
activity#com.ylfcf.ppp.ui.MyTYJActivity
ADDED from src\main\AndroidManifest.xml:229:9-232:56
	android:screenOrientation
		ADDED from src\main\AndroidManifest.xml:231:13-49
	android:theme
		ADDED from src\main\AndroidManifest.xml:232:13-53
	android:name
		ADDED from src\main\AndroidManifest.xml:230:13-45
activity#com.ylfcf.ppp.ui.ProductRecordActivity
ADDED from src\main\AndroidManifest.xml:233:9-236:56
	android:screenOrientation
		ADDED from src\main\AndroidManifest.xml:235:13-49
	android:theme
		ADDED from src\main\AndroidManifest.xml:236:13-53
	android:name
		ADDED from src\main\AndroidManifest.xml:234:13-53
activity#com.ylfcf.ppp.ui.ChangeAddressActivity
ADDED from src\main\AndroidManifest.xml:237:9-240:56
	android:screenOrientation
		ADDED from src\main\AndroidManifest.xml:239:13-49
	android:theme
		ADDED from src\main\AndroidManifest.xml:240:13-53
	android:name
		ADDED from src\main\AndroidManifest.xml:238:13-53
activity#com.ylfcf.ppp.ui.InvitateActivity
ADDED from src\main\AndroidManifest.xml:241:9-244:56
	android:screenOrientation
		ADDED from src\main\AndroidManifest.xml:243:13-49
	android:theme
		ADDED from src\main\AndroidManifest.xml:244:13-53
	android:name
		ADDED from src\main\AndroidManifest.xml:242:13-48
activity#com.ylfcf.ppp.ui.MyInvitationActivity
ADDED from src\main\AndroidManifest.xml:245:9-249:56
	android:screenOrientation
		ADDED from src\main\AndroidManifest.xml:248:13-49
	android:hardwareAccelerated
		ADDED from src\main\AndroidManifest.xml:247:13-48
	android:theme
		ADDED from src\main\AndroidManifest.xml:249:13-53
	android:name
		ADDED from src\main\AndroidManifest.xml:246:13-52
activity#com.ylfcf.ppp.ui.RegisteAgreementActivity
ADDED from src\main\AndroidManifest.xml:250:9-253:56
	android:screenOrientation
		ADDED from src\main\AndroidManifest.xml:252:13-49
	android:theme
		ADDED from src\main\AndroidManifest.xml:253:13-53
	android:name
		ADDED from src\main\AndroidManifest.xml:251:13-56
activity#com.ylfcf.ppp.ui.WithdrawDetailsActivity
ADDED from src\main\AndroidManifest.xml:254:9-257:56
	android:screenOrientation
		ADDED from src\main\AndroidManifest.xml:256:13-49
	android:theme
		ADDED from src\main\AndroidManifest.xml:257:13-53
	android:name
		ADDED from src\main\AndroidManifest.xml:255:13-55
activity#com.ylfcf.ppp.ui.LimitPromptActivity
ADDED from src\main\AndroidManifest.xml:258:9-261:56
	android:screenOrientation
		ADDED from src\main\AndroidManifest.xml:260:13-49
	android:theme
		ADDED from src\main\AndroidManifest.xml:261:13-53
	android:name
		ADDED from src\main\AndroidManifest.xml:259:13-51
activity#com.ylfcf.ppp.ui.BannerDetailsActivity
ADDED from src\main\AndroidManifest.xml:262:9-265:56
	android:screenOrientation
		ADDED from src\main\AndroidManifest.xml:264:13-49
	android:theme
		ADDED from src\main\AndroidManifest.xml:265:13-53
	android:name
		ADDED from src\main\AndroidManifest.xml:263:13-53
activity#com.ylfcf.ppp.ui.BannerTopicActivity
ADDED from src\main\AndroidManifest.xml:267:9-270:56
	android:screenOrientation
		ADDED from src\main\AndroidManifest.xml:269:13-49
	android:theme
		ADDED from src\main\AndroidManifest.xml:270:13-53
	android:name
		ADDED from src\main\AndroidManifest.xml:268:13-51
service#com.ylfcf.ppp.service.PreloadProcessService
ADDED from src\main\AndroidManifest.xml:271:9-273:41
	android:process
		ADDED from src\main\AndroidManifest.xml:273:13-39
	android:name
		ADDED from src\main\AndroidManifest.xml:272:13-58
activity#com.ylfcf.ppp.ui.BankVerifyRecActivity
ADDED from src\main\AndroidManifest.xml:274:9-277:56
	android:screenOrientation
		ADDED from src\main\AndroidManifest.xml:276:13-49
	android:theme
		ADDED from src\main\AndroidManifest.xml:277:13-53
	android:name
		ADDED from src\main\AndroidManifest.xml:275:13-53
activity#com.ylfcf.ppp.ui.YXBIntroActivity
ADDED from src\main\AndroidManifest.xml:278:9-281:56
	android:screenOrientation
		ADDED from src\main\AndroidManifest.xml:280:13-49
	android:theme
		ADDED from src\main\AndroidManifest.xml:281:13-53
	android:name
		ADDED from src\main\AndroidManifest.xml:279:13-48
activity#com.ylfcf.ppp.ui.YXBBidSuccessActivity
ADDED from src\main\AndroidManifest.xml:282:9-285:56
	android:screenOrientation
		ADDED from src\main\AndroidManifest.xml:284:13-49
	android:theme
		ADDED from src\main\AndroidManifest.xml:285:13-53
	android:name
		ADDED from src\main\AndroidManifest.xml:283:13-53
activity#com.ylfcf.ppp.ui.YXBTransRecordActivity
ADDED from src\main\AndroidManifest.xml:286:9-289:56
	android:screenOrientation
		ADDED from src\main\AndroidManifest.xml:288:13-49
	android:theme
		ADDED from src\main\AndroidManifest.xml:289:13-53
	android:name
		ADDED from src\main\AndroidManifest.xml:287:13-54
activity#com.ylfcf.ppp.ui.YXBAgreementActivity
ADDED from src\main\AndroidManifest.xml:291:9-294:56
	android:screenOrientation
		ADDED from src\main\AndroidManifest.xml:293:13-49
	android:theme
		ADDED from src\main\AndroidManifest.xml:294:13-53
	android:name
		ADDED from src\main\AndroidManifest.xml:292:13-52
activity#com.ylfcf.ppp.ui.MyHongbaoActivity
ADDED from src\main\AndroidManifest.xml:295:9-298:56
	android:screenOrientation
		ADDED from src\main\AndroidManifest.xml:297:13-49
	android:theme
		ADDED from src\main\AndroidManifest.xml:298:13-53
	android:name
		ADDED from src\main\AndroidManifest.xml:296:13-49
activity#com.ylfcf.ppp.ui.BidXSBActivity
ADDED from src\main\AndroidManifest.xml:299:9-302:56
	android:screenOrientation
		ADDED from src\main\AndroidManifest.xml:301:13-49
	android:theme
		ADDED from src\main\AndroidManifest.xml:302:13-53
	android:name
		ADDED from src\main\AndroidManifest.xml:300:13-46
activity#com.ylfcf.ppp.ui.ProductIntroActivity
ADDED from src\main\AndroidManifest.xml:303:9-306:56
	android:screenOrientation
		ADDED from src\main\AndroidManifest.xml:305:13-49
	android:theme
		ADDED from src\main\AndroidManifest.xml:306:13-53
	android:name
		ADDED from src\main\AndroidManifest.xml:304:13-52
activity#com.ylfcf.ppp.ui.YYYProductDataActivity
ADDED from src\main\AndroidManifest.xml:307:9-310:56
	android:screenOrientation
		ADDED from src\main\AndroidManifest.xml:309:13-49
	android:theme
		ADDED from src\main\AndroidManifest.xml:310:13-53
	android:name
		ADDED from src\main\AndroidManifest.xml:308:13-54
activity#com.ylfcf.ppp.ui.VIPProductRecordActivity
ADDED from src\main\AndroidManifest.xml:311:9-314:56
	android:screenOrientation
		ADDED from src\main\AndroidManifest.xml:313:13-49
	android:theme
		ADDED from src\main\AndroidManifest.xml:314:13-53
	android:name
		ADDED from src\main\AndroidManifest.xml:312:13-56
activity#com.ylfcf.ppp.ui.BorrowDetailXSMBActivity
ADDED from src\main\AndroidManifest.xml:315:9-318:56
	android:screenOrientation
		ADDED from src\main\AndroidManifest.xml:317:13-49
	android:theme
		ADDED from src\main\AndroidManifest.xml:318:13-53
	android:name
		ADDED from src\main\AndroidManifest.xml:316:13-56
activity#com.ylfcf.ppp.ui.BidXSMBActivity
ADDED from src\main\AndroidManifest.xml:319:9-322:56
	android:screenOrientation
		ADDED from src\main\AndroidManifest.xml:321:13-49
	android:theme
		ADDED from src\main\AndroidManifest.xml:322:13-53
	android:name
		ADDED from src\main\AndroidManifest.xml:320:13-47
activity#com.ylfcf.ppp.ui.ProductIntroXSMBActivity
ADDED from src\main\AndroidManifest.xml:323:9-326:56
	android:screenOrientation
		ADDED from src\main\AndroidManifest.xml:325:13-49
	android:theme
		ADDED from src\main\AndroidManifest.xml:326:13-53
	android:name
		ADDED from src\main\AndroidManifest.xml:324:13-56
activity#com.ylfcf.ppp.ui.ProductDataXSMBActivity
ADDED from src\main\AndroidManifest.xml:327:9-330:56
	android:screenOrientation
		ADDED from src\main\AndroidManifest.xml:329:13-49
	android:theme
		ADDED from src\main\AndroidManifest.xml:330:13-53
	android:name
		ADDED from src\main\AndroidManifest.xml:328:13-55
activity#com.ylfcf.ppp.ui.ProductSafetyXSMBActivity
ADDED from src\main\AndroidManifest.xml:331:9-334:56
	android:screenOrientation
		ADDED from src\main\AndroidManifest.xml:333:13-49
	android:theme
		ADDED from src\main\AndroidManifest.xml:334:13-53
	android:name
		ADDED from src\main\AndroidManifest.xml:332:13-57
activity#com.ylfcf.ppp.ui.ProductInfoXSMBActivity
ADDED from src\main\AndroidManifest.xml:335:9-338:56
	android:screenOrientation
		ADDED from src\main\AndroidManifest.xml:337:13-49
	android:theme
		ADDED from src\main\AndroidManifest.xml:338:13-53
	android:name
		ADDED from src\main\AndroidManifest.xml:336:13-55